<?xml version="1.0" encoding="UTF-8"?>
<testsuite xmlns:xsi="http://www.w3.org/2001/XMLSchema-instance" xsi:noNamespaceSchemaLocation="https://maven.apache.org/surefire/maven-surefire-plugin/xsd/surefire-test-report-3.0.xsd" version="3.0" name="com.mm.FileTest" time="0.024" tests="1" errors="1" skipped="0" failures="0">
  <properties>
[...]
</properties>
  <testcase name="testFileNotEmpty" classname="com.mm.FileTest" time="0.012">
    <error message="Cannot invoke &quot;com.mm.Upgrade.saveToFile(java.io.File)&quot; because &quot;this.upgrade&quot; is null" type="java.lang.NullPointerException"><![CDATA[java.lang.NullPointerException: Cannot invoke "com.mm.Upgrade.saveToFile(java.io.File)" because "this.upgrade" is null
	at com.mm.FileTest.testFileNotEmpty(FileTest.java:64)
	at java.base/java.lang.reflect.Method.invoke(Method.java:565)
	at java.base/java.util.ArrayList.forEach(ArrayList.java:1604)
	at java.base/java.util.ArrayList.forEach(ArrayList.java:1604)
]]></error>
  </testcase>
</testsuite>